# JRE version: Java(TM) SE Runtime Environment (8.0_202-b08) (build 1.8.0_202-b08)
# Java VM: Java HotSpot(TM) 64-Bit Server VM (25.202-b08 mixed mode windows-amd64 compressed oops)
Heap:
 PSYoungGen      total 425984K, used 143195K [0x000000076ba00000, 0x00000007b2d80000, 0x00000007c0000000)
  eden space 114176K, 35% used [0x000000076ba00000,0x000000076e1eb4c0,0x0000000772980000)
  from space 311808K, 32% used [0x000000078eb80000,0x0000000794f6b740,0x00000007a1c00000)
  to   space 460800K, 0% used [0x0000000772980000,0x0000000772980000,0x000000078eb80000)
 ParOldGen       total 886272K, used 885994K [0x00000006c2e00000, 0x00000006f8f80000, 0x000000076ba00000)
  object space 886272K, 99% used [0x00000006c2e00000,0x00000006f8f3a998,0x00000006f8f80000)
 Metaspace       used 23147K, capacity 23410K, committed 23680K, reserved 1071104K
  class space    used 2517K, capacity 2610K, committed 2688K, reserved 1048576K
GC Heap History (10 events):
Event: 3.176 GC heap before
{Heap before GC invocations=10 (full 3):
 PSYoungGen      total 375296K, used 204782K [0x000000076ba00000, 0x00000007a1c00000, 0x00000007c0000000)
  eden space 170496K, 0% used [0x000000076ba00000,0x000000076ba00000,0x0000000776080000)
  from space 204800K, 99% used [0x0000000776080000,0x000000078287b8a0,0x0000000782880000)
  to   space 311808K, 0% used [0x000000078eb80000,0x000000078eb80000,0x00000007a1c00000)
 ParOldGen       total 432128K, used 408475K [0x00000006c2e00000, 0x00000006dd400000, 0x000000076ba00000)
  object space 432128K, 94% used [0x00000006c2e00000,0x00000006dbce6ff0,0x00000006dd400000)
 Metaspace       used 22860K, capacity 23114K, committed 23424K, reserved 1071104K
  class space    used 2503K, capacity 2578K, committed 2688K, reserved 1048576K
Event: 4.059 GC heap after
Heap after GC invocations=10 (full 3):
 PSYoungGen      total 375296K, used 177818K [0x000000076ba00000, 0x00000007a1c00000, 0x00000007c0000000)
  eden space 170496K, 0% used [0x000000076ba00000,0x000000076ba00000,0x0000000776080000)
  from space 204800K, 86% used [0x0000000776080000,0x0000000780e26b18,0x0000000782880000)
  to   space 311808K, 0% used [0x000000078eb80000,0x000000078eb80000,0x00000007a1c00000)
 ParOldGen       total 886272K, used 432097K [0x00000006c2e00000, 0x00000006f8f80000, 0x000000076ba00000)
  object space 886272K, 48% used [0x00000006c2e00000,0x00000006dd3f8738,0x00000006f8f80000)
 Metaspace       used 22860K, capacity 23114K, committed 23424K, reserved 1071104K
  class space    used 2503K, capacity 2578K, committed 2688K, reserved 1048576K
}
Event: 4.224 GC heap before
{Heap before GC invocations=11 (full 3):
 PSYoungGen      total 375296K, used 348314K [0x000000076ba00000, 0x00000007a1c00000, 0x00000007c0000000)
  eden space 170496K, 100% used [0x000000076ba00000,0x0000000776080000,0x0000000776080000)
  from space 204800K, 86% used [0x0000000776080000,0x0000000780e26b18,0x0000000782880000)
  to   space 311808K, 0% used [0x000000078eb80000,0x000000078eb80000,0x00000007a1c00000)
 ParOldGen       total 886272K, used 432097K [0x00000006c2e00000, 0x00000006f8f80000, 0x000000076ba00000)
  object space 886272K, 48% used [0x00000006c2e00000,0x00000006dd3f8738,0x00000006f8f80000)
 Metaspace       used 22869K, capacity 23114K, committed 23424K, reserved 1071104K
  class space    used 2503K, capacity 2578K, committed 2688K, reserved 1048576K
Event: 4.549 GC heap after
Heap after GC invocations=11 (full 3):
 PSYoungGen      total 500736K, used 311795K [0x000000076ba00000, 0x00000007a9500000, 0x00000007c0000000)
  eden space 188928K, 0% used [0x000000076ba00000,0x000000076ba00000,0x0000000777280000)
  from space 311808K, 99% used [0x000000078eb80000,0x00000007a1bfcf30,0x00000007a1c00000)
  to   space 386048K, 0% used [0x0000000777280000,0x0000000777280000,0x000000078eb80000)
 ParOldGen       total 886272K, used 458513K [0x00000006c2e00000, 0x00000006f8f80000, 0x000000076ba00000)
  object space 886272K, 51% used [0x00000006c2e00000,0x00000006dedc4758,0x00000006f8f80000)
 Metaspace       used 22869K, capacity 23114K, committed 23424K, reserved 1071104K
  class space    used 2503K, capacity 2578K, committed 2688K, reserved 1048576K
}
Event: 4.724 GC heap before
{Heap before GC invocations=12 (full 3):
 PSYoungGen      total 500736K, used 500723K [0x000000076ba00000, 0x00000007a9500000, 0x00000007c0000000)
  eden space 188928K, 100% used [0x000000076ba00000,0x0000000777280000,0x0000000777280000)
  from space 311808K, 99% used [0x000000078eb80000,0x00000007a1bfcf30,0x00000007a1c00000)
  to   space 386048K, 0% used [0x0000000777280000,0x0000000777280000,0x000000078eb80000)
 ParOldGen       total 886272K, used 458513K [0x00000006c2e00000, 0x00000006f8f80000, 0x000000076ba00000)
  object space 886272K, 51% used [0x00000006c2e00000,0x00000006dedc4758,0x00000006f8f80000)
 Metaspace       used 22883K, capacity 23114K, committed 23424K, reserved 1071104K
  class space    used 2503K, capacity 2578K, committed 2688K, reserved 1048576K
Event: 4.884 GC heap after
Heap after GC invocations=12 (full 3):
 PSYoungGen      total 574976K, used 386041K [0x000000076ba00000, 0x00000007a9500000, 0x00000007c0000000)
  eden space 188928K, 0% used [0x000000076ba00000,0x000000076ba00000,0x0000000777280000)
  from space 386048K, 99% used [0x0000000777280000,0x000000078eb7e6b0,0x000000078eb80000)
  to   space 311808K, 0% used [0x000000078eb80000,0x000000078eb80000,0x00000007a1c00000)
 ParOldGen       total 886272K, used 560399K [0x00000006c2e00000, 0x00000006f8f80000, 0x000000076ba00000)
  object space 886272K, 63% used [0x00000006c2e00000,0x00000006e5143ee8,0x00000006f8f80000)
 Metaspace       used 22883K, capacity 23114K, committed 23424K, reserved 1071104K
  class space    used 2503K, capacity 2578K, committed 2688K, reserved 1048576K
}
Event: 5.638 GC heap before
{Heap before GC invocations=13 (full 3):
 PSYoungGen      total 574976K, used 574969K [0x000000076ba00000, 0x00000007a9500000, 0x00000007c0000000)
  eden space 188928K, 100% used [0x000000076ba00000,0x0000000777280000,0x0000000777280000)
  from space 386048K, 99% used [0x0000000777280000,0x000000078eb7e6b0,0x000000078eb80000)
  to   space 311808K, 0% used [0x000000078eb80000,0x000000078eb80000,0x00000007a1c00000)
 ParOldGen       total 886272K, used 560399K [0x00000006c2e00000, 0x00000006f8f80000, 0x000000076ba00000)
  object space 886272K, 63% used [0x00000006c2e00000,0x00000006e5143ee8,0x00000006f8f80000)
 Metaspace       used 23143K, capacity 23410K, committed 23680K, reserved 1071104K
  class space    used 2517K, capacity 2610K, committed 2688K, reserved 1048576K
Event: 5.870 GC heap after
Heap after GC invocations=13 (full 3):
 PSYoungGen      total 425984K, used 225744K [0x000000076ba00000, 0x00000007b2d80000, 0x00000007c0000000)
  eden space 114176K, 0% used [0x000000076ba00000,0x000000076ba00000,0x0000000772980000)
  from space 311808K, 72% used [0x000000078eb80000,0x000000079c7f4030,0x00000007a1c00000)
  to   space 460800K, 0% used [0x0000000772980000,0x0000000772980000,0x000000078eb80000)
 ParOldGen       total 886272K, used 770908K [0x00000006c2e00000, 0x00000006f8f80000, 0x000000076ba00000)
  object space 886272K, 86% used [0x00000006c2e00000,0x00000006f1ed7270,0x00000006f8f80000)
 Metaspace       used 23143K, capacity 23410K, committed 23680K, reserved 1071104K
  class space    used 2517K, capacity 2610K, committed 2688K, reserved 1048576K
}
Event: 5.870 GC heap before
{Heap before GC invocations=14 (full 4):
 PSYoungGen      total 425984K, used 225744K [0x000000076ba00000, 0x00000007b2d80000, 0x00000007c0000000)
  eden space 114176K, 0% used [0x000000076ba00000,0x000000076ba00000,0x0000000772980000)
  from space 311808K, 72% used [0x000000078eb80000,0x000000079c7f4030,0x00000007a1c00000)
  to   space 460800K, 0% used [0x0000000772980000,0x0000000772980000,0x000000078eb80000)
 ParOldGen       total 886272K, used 770908K [0x00000006c2e00000, 0x00000006f8f80000, 0x000000076ba00000)
  object space 886272K, 86% used [0x00000006c2e00000,0x00000006f1ed7270,0x00000006f8f80000)
 Metaspace       used 23143K, capacity 23410K, committed 23680K, reserved 1071104K
  class space    used 2517K, capacity 2610K, committed 2688K, reserved 1048576K
Event: 7.120 GC heap after
Heap after GC invocations=14 (full 4):
 PSYoungGen      total 425984K, used 102317K [0x000000076ba00000, 0x00000007b2d80000, 0x00000007c0000000)
  eden space 114176K, 0% used [0x000000076ba00000,0x000000076ba00000,0x0000000772980000)
  from space 311808K, 32% used [0x000000078eb80000,0x0000000794f6b740,0x00000007a1c00000)
  to   space 460800K, 0% used [0x0000000772980000,0x0000000772980000,0x000000078eb80000)
 ParOldGen       total 886272K, used 885994K [0x00000006c2e00000, 0x00000006f8f80000, 0x000000076ba00000)
  object space 886272K, 99% used [0x00000006c2e00000,0x00000006f8f3a998,0x00000006f8f80000)
 Metaspace       used 23143K, capacity 23410K, committed 23680K, reserved 1071104K
  class space    used 2517K, capacity 2610K, committed 2688K, reserved 1048576K
}

