# JRE version: Java(TM) SE Runtime Environment (8.0_202-b08) (build 1.8.0_202-b08)
# Java VM: Java HotSpot(TM) 64-Bit Server VM (25.202-b08 mixed mode windows-amd64 compressed oops)
Heap:
 PSYoungGen      total 468480K, used 279274K [0x000000076ba00000, 0x00000007a1300000, 0x00000007c0000000)
  eden space 112128K, 12% used [0x000000076ba00000,0x000000076c725a58,0x0000000772780000)
  from space 356352K, 74% used [0x0000000772780000,0x0000000782b15108,0x0000000788380000)
  to   space 375296K, 0% used [0x000000078a480000,0x000000078a480000,0x00000007a1300000)
 ParOldGen       total 1132032K, used 791449K [0x00000006c2e00000, 0x0000000707f80000, 0x000000076ba00000)
  object space 1132032K, 69% used [0x00000006c2e00000,0x00000006f32e67e0,0x0000000707f80000)
 Metaspace       used 27631K, capacity 27924K, committed 28288K, reserved 1075200K
  class space    used 3061K, capacity 3137K, committed 3200K, reserved 1048576K
GC Heap History (10 events):
Event: 5.656 GC heap before
{Heap before GC invocations=19 (full 4):
 PSYoungGen      total 406528K, used 212932K [0x000000076ba00000, 0x000000079a780000, 0x00000007c0000000)
  eden space 93696K, 100% used [0x000000076ba00000,0x0000000771580000,0x0000000771580000)
  from space 312832K, 38% used [0x0000000787600000,0x000000078ea711a0,0x000000079a780000)
  to   space 336896K, 0% used [0x0000000771580000,0x0000000771580000,0x0000000785e80000)
 ParOldGen       total 1132032K, used 791345K [0x00000006c2e00000, 0x0000000707f80000, 0x000000076ba00000)
  object space 1132032K, 69% used [0x00000006c2e00000,0x00000006f32cc7d0,0x0000000707f80000)
 Metaspace       used 23041K, capacity 23274K, committed 23680K, reserved 1071104K
  class space    used 2513K, capacity 2610K, committed 2688K, reserved 1048576K
Event: 5.689 GC heap after
Heap after GC invocations=19 (full 4):
 PSYoungGen      total 430592K, used 166109K [0x000000076ba00000, 0x000000079ab80000, 0x00000007c0000000)
  eden space 93696K, 0% used [0x000000076ba00000,0x000000076ba00000,0x0000000771580000)
  from space 336896K, 49% used [0x0000000771580000,0x000000077b7b74b0,0x0000000785e80000)
  to   space 327680K, 0% used [0x0000000786b80000,0x0000000786b80000,0x000000079ab80000)
 ParOldGen       total 1132032K, used 791353K [0x00000006c2e00000, 0x0000000707f80000, 0x000000076ba00000)
  object space 1132032K, 69% used [0x00000006c2e00000,0x00000006f32ce7d0,0x0000000707f80000)
 Metaspace       used 23041K, capacity 23274K, committed 23680K, reserved 1071104K
  class space    used 2513K, capacity 2610K, committed 2688K, reserved 1048576K
}
Event: 6.104 GC heap before
{Heap before GC invocations=20 (full 4):
 PSYoungGen      total 430592K, used 259805K [0x000000076ba00000, 0x000000079ab80000, 0x00000007c0000000)
  eden space 93696K, 100% used [0x000000076ba00000,0x0000000771580000,0x0000000771580000)
  from space 336896K, 49% used [0x0000000771580000,0x000000077b7b74b0,0x0000000785e80000)
  to   space 327680K, 0% used [0x0000000786b80000,0x0000000786b80000,0x000000079ab80000)
 ParOldGen       total 1132032K, used 791353K [0x00000006c2e00000, 0x0000000707f80000, 0x000000076ba00000)
  object space 1132032K, 69% used [0x00000006c2e00000,0x00000006f32ce7d0,0x0000000707f80000)
 Metaspace       used 23064K, capacity 23338K, committed 23680K, reserved 1071104K
  class space    used 2513K, capacity 2610K, committed 2688K, reserved 1048576K
Event: 6.144 GC heap after
Heap after GC invocations=20 (full 4):
 PSYoungGen      total 441856K, used 192224K [0x000000076ba00000, 0x000000079ab80000, 0x00000007c0000000)
  eden space 114176K, 0% used [0x000000076ba00000,0x000000076ba00000,0x0000000772980000)
  from space 327680K, 58% used [0x0000000786b80000,0x0000000792738348,0x000000079ab80000)
  to   space 328704K, 0% used [0x0000000772980000,0x0000000772980000,0x0000000786a80000)
 ParOldGen       total 1132032K, used 791361K [0x00000006c2e00000, 0x0000000707f80000, 0x000000076ba00000)
  object space 1132032K, 69% used [0x00000006c2e00000,0x00000006f32d07d0,0x0000000707f80000)
 Metaspace       used 23064K, capacity 23338K, committed 23680K, reserved 1071104K
  class space    used 2513K, capacity 2610K, committed 2688K, reserved 1048576K
}
Event: 6.544 GC heap before
{Heap before GC invocations=21 (full 4):
 PSYoungGen      total 441856K, used 306400K [0x000000076ba00000, 0x000000079ab80000, 0x00000007c0000000)
  eden space 114176K, 100% used [0x000000076ba00000,0x0000000772980000,0x0000000772980000)
  from space 327680K, 58% used [0x0000000786b80000,0x0000000792738348,0x000000079ab80000)
  to   space 328704K, 0% used [0x0000000772980000,0x0000000772980000,0x0000000786a80000)
 ParOldGen       total 1132032K, used 791361K [0x00000006c2e00000, 0x0000000707f80000, 0x000000076ba00000)
  object space 1132032K, 69% used [0x00000006c2e00000,0x00000006f32d07d0,0x0000000707f80000)
 Metaspace       used 23087K, capacity 23346K, committed 23680K, reserved 1071104K
  class space    used 2513K, capacity 2610K, committed 2688K, reserved 1048576K
Event: 6.587 GC heap after
Heap after GC invocations=21 (full 4):
 PSYoungGen      total 442880K, used 220930K [0x000000076ba00000, 0x000000079ce00000, 0x00000007c0000000)
  eden space 114176K, 0% used [0x000000076ba00000,0x000000076ba00000,0x0000000772980000)
  from space 328704K, 67% used [0x0000000772980000,0x0000000780140b38,0x0000000786a80000)
  to   space 338432K, 0% used [0x0000000788380000,0x0000000788380000,0x000000079ce00000)
 ParOldGen       total 1132032K, used 791369K [0x00000006c2e00000, 0x0000000707f80000, 0x000000076ba00000)
  object space 1132032K, 69% used [0x00000006c2e00000,0x00000006f32d27d0,0x0000000707f80000)
 Metaspace       used 23087K, capacity 23346K, committed 23680K, reserved 1071104K
  class space    used 2513K, capacity 2610K, committed 2688K, reserved 1048576K
}
Event: 6.973 GC heap before
{Heap before GC invocations=22 (full 4):
 PSYoungGen      total 442880K, used 335106K [0x000000076ba00000, 0x000000079ce00000, 0x00000007c0000000)
  eden space 114176K, 100% used [0x000000076ba00000,0x0000000772980000,0x0000000772980000)
  from space 328704K, 67% used [0x0000000772980000,0x0000000780140b38,0x0000000786a80000)
  to   space 338432K, 0% used [0x0000000788380000,0x0000000788380000,0x000000079ce00000)
 ParOldGen       total 1132032K, used 791369K [0x00000006c2e00000, 0x0000000707f80000, 0x000000076ba00000)
  object space 1132032K, 69% used [0x00000006c2e00000,0x00000006f32d27d0,0x0000000707f80000)
 Metaspace       used 23100K, capacity 23346K, committed 23680K, reserved 1071104K
  class space    used 2513K, capacity 2610K, committed 2688K, reserved 1048576K
Event: 7.027 GC heap after
Heap after GC invocations=22 (full 4):
 PSYoungGen      total 450560K, used 251379K [0x000000076ba00000, 0x000000079f080000, 0x00000007c0000000)
  eden space 112128K, 0% used [0x000000076ba00000,0x000000076ba00000,0x0000000772780000)
  from space 338432K, 74% used [0x0000000788380000,0x00000007978fcd20,0x000000079ce00000)
  to   space 356352K, 0% used [0x0000000772780000,0x0000000772780000,0x0000000788380000)
 ParOldGen       total 1132032K, used 791377K [0x00000006c2e00000, 0x0000000707f80000, 0x000000076ba00000)
  object space 1132032K, 69% used [0x00000006c2e00000,0x00000006f32d47d0,0x0000000707f80000)
 Metaspace       used 23100K, capacity 23346K, committed 23680K, reserved 1071104K
  class space    used 2513K, capacity 2610K, committed 2688K, reserved 1048576K
}
Event: 7.314 GC heap before
{Heap before GC invocations=23 (full 4):
 PSYoungGen      total 450560K, used 363507K [0x000000076ba00000, 0x000000079f080000, 0x00000007c0000000)
  eden space 112128K, 100% used [0x000000076ba00000,0x0000000772780000,0x0000000772780000)
  from space 338432K, 74% used [0x0000000788380000,0x00000007978fcd20,0x000000079ce00000)
  to   space 356352K, 0% used [0x0000000772780000,0x0000000772780000,0x0000000788380000)
 ParOldGen       total 1132032K, used 791377K [0x00000006c2e00000, 0x0000000707f80000, 0x000000076ba00000)
  object space 1132032K, 69% used [0x00000006c2e00000,0x00000006f32d47d0,0x0000000707f80000)
 Metaspace       used 25675K, capacity 25964K, committed 26240K, reserved 1073152K
  class space    used 2820K, capacity 2909K, committed 2944K, reserved 1048576K
Event: 7.366 GC heap after
Heap after GC invocations=23 (full 4):
 PSYoungGen      total 468480K, used 265812K [0x000000076ba00000, 0x00000007a1300000, 0x00000007c0000000)
  eden space 112128K, 0% used [0x000000076ba00000,0x000000076ba00000,0x0000000772780000)
  from space 356352K, 74% used [0x0000000772780000,0x0000000782b15108,0x0000000788380000)
  to   space 375296K, 0% used [0x000000078a480000,0x000000078a480000,0x00000007a1300000)
 ParOldGen       total 1132032K, used 791449K [0x00000006c2e00000, 0x0000000707f80000, 0x000000076ba00000)
  object space 1132032K, 69% used [0x00000006c2e00000,0x00000006f32e67e0,0x0000000707f80000)
 Metaspace       used 25675K, capacity 25964K, committed 26240K, reserved 1073152K
  class space    used 2820K, capacity 2909K, committed 2944K, reserved 1048576K
}

